C:\Projects\AngularJS2\Angular2Demo\Angular2Demo\src\app\app.component.js
C:\Projects\AngularJS2\Angular2Demo\Angular2Demo\src\app\app.component.js.map
C:\Projects\AngularJS2\Angular2Demo\Angular2Demo\src\app\app.module.js
C:\Projects\AngularJS2\Angular2Demo\Angular2Demo\src\app\app.module.js.map
C:\Projects\AngularJS2\Angular2Demo\Angular2Demo\src\main.js
C:\Projects\AngularJS2\Angular2Demo\Angular2Demo\src\main.js.map
C:\Projects\AngularJS2\Angular2Demo\Angular2Demo\src\app\app.component.spec.js
C:\Projects\AngularJS2\Angular2Demo\Angular2Demo\src\app\app.component.spec.js.map
C:\Projects\AngularJS2\Angular2Demo\Angular2Demo\src\app\app.component.js
C:\Projects\AngularJS2\Angular2Demo\Angular2Demo\src\app\app.component.js.map
C:\Projects\AngularJS2\Angular2Demo\Angular2Demo\src\app\app.module.js
C:\Projects\AngularJS2\Angular2Demo\Angular2Demo\src\app\app.module.js.map
C:\Projects\AngularJS2\Angular2Demo\Angular2Demo\src\main.js
C:\Projects\AngularJS2\Angular2Demo\Angular2Demo\src\main.js.map
C:\Projects\AngularJS2\Angular2Demo\Angular2Demo\src\app\app.component.spec.js
C:\Projects\AngularJS2\Angular2Demo\Angular2Demo\src\app\app.component.spec.js.map
C:\Projects\AngularJS2\Angular2Demo\Angular2Demo\src\app\app.component.js
C:\Projects\AngularJS2\Angular2Demo\Angular2Demo\src\app\app.component.js.map
C:\Projects\AngularJS2\Angular2Demo\Angular2Demo\src\app\app.module.js
C:\Projects\AngularJS2\Angular2Demo\Angular2Demo\src\app\app.module.js.map
C:\Projects\AngularJS2\Angular2Demo\Angular2Demo\src\main.js
C:\Projects\AngularJS2\Angular2Demo\Angular2Demo\src\main.js.map
C:\Projects\AngularJS2\Angular2Demo\Angular2Demo\src\app\app.component.spec.js
C:\Projects\AngularJS2\Angular2Demo\Angular2Demo\src\app\app.component.spec.js.map
C:\Projects\AngularJS2\Angular2Demo\Angular2Demo\src\app\app.component.js
C:\Projects\AngularJS2\Angular2Demo\Angular2Demo\src\app\app.component.js.map
C:\Projects\AngularJS2\Angular2Demo\Angular2Demo\src\app\app.module.js
C:\Projects\AngularJS2\Angular2Demo\Angular2Demo\src\app\app.module.js.map
C:\Projects\AngularJS2\Angular2Demo\Angular2Demo\src\main.js
C:\Projects\AngularJS2\Angular2Demo\Angular2Demo\src\main.js.map
C:\Projects\AngularJS2\Angular2Demo\Angular2Demo\src\app\app.component.spec.js
C:\Projects\AngularJS2\Angular2Demo\Angular2Demo\src\app\app.component.spec.js.map
C:\Projects\AngularJS2\Angular2Demo\Angular2Demo\src\app\app.component.js
C:\Projects\AngularJS2\Angular2Demo\Angular2Demo\src\app\app.component.js.map
C:\Projects\AngularJS2\Angular2Demo\Angular2Demo\src\app\app.module.js
C:\Projects\AngularJS2\Angular2Demo\Angular2Demo\src\app\app.module.js.map
C:\Projects\AngularJS2\Angular2Demo\Angular2Demo\src\main.js
C:\Projects\AngularJS2\Angular2Demo\Angular2Demo\src\main.js.map
C:\Projects\AngularJS2\Angular2Demo\Angular2Demo\src\app\app.component.spec.js
C:\Projects\AngularJS2\Angular2Demo\Angular2Demo\src\app\app.component.spec.js.map
C:\Projects\AngularJS2\Angular2Demo\Angular2Demo\src\app\app.component.js
C:\Projects\AngularJS2\Angular2Demo\Angular2Demo\src\app\app.component.js.map
C:\Projects\AngularJS2\Angular2Demo\Angular2Demo\src\app\app.module.js
C:\Projects\AngularJS2\Angular2Demo\Angular2Demo\src\app\app.module.js.map
C:\Projects\AngularJS2\Angular2Demo\Angular2Demo\src\main.js
C:\Projects\AngularJS2\Angular2Demo\Angular2Demo\src\main.js.map
C:\Projects\AngularJS2\Angular2Demo\Angular2Demo\src\app\app.component.spec.js
C:\Projects\AngularJS2\Angular2Demo\Angular2Demo\src\app\app.component.spec.js.map
C:\Projects\AngularJS2\Angular2Demo\Angular2Demo\src\app\app.component.js
C:\Projects\AngularJS2\Angular2Demo\Angular2Demo\src\app\app.component.js.map
C:\Projects\AngularJS2\Angular2Demo\Angular2Demo\src\app\app.module.js
C:\Projects\AngularJS2\Angular2Demo\Angular2Demo\src\app\app.module.js.map
C:\Projects\AngularJS2\Angular2Demo\Angular2Demo\src\main.js
C:\Projects\AngularJS2\Angular2Demo\Angular2Demo\src\main.js.map
C:\Projects\AngularJS2\Angular2Demo\Angular2Demo\src\app\app.component.spec.js
C:\Projects\AngularJS2\Angular2Demo\Angular2Demo\src\app\app.component.spec.js.map
C:\Projects\AngularJS2\Angular2Demo\Angular2Demo\src\app\employee\employee.component.js
C:\Projects\AngularJS2\Angular2Demo\Angular2Demo\src\app\employee\employee.component.js.map
C:\Projects\AngularJS2\Angular2Demo\Angular2Demo\src\app\app.component.js
C:\Projects\AngularJS2\Angular2Demo\Angular2Demo\src\app\app.component.js.map
C:\Projects\AngularJS2\Angular2Demo\Angular2Demo\src\app\app.module.js
C:\Projects\AngularJS2\Angular2Demo\Angular2Demo\src\app\app.module.js.map
C:\Projects\AngularJS2\Angular2Demo\Angular2Demo\src\main.js
C:\Projects\AngularJS2\Angular2Demo\Angular2Demo\src\main.js.map
C:\Projects\AngularJS2\Angular2Demo\Angular2Demo\src\app\app.component.spec.js
C:\Projects\AngularJS2\Angular2Demo\Angular2Demo\src\app\app.component.spec.js.map
C:\Projects\AngularJS2\Angular2Demo\Angular2Demo\src\app\employee\employee.component.js
C:\Projects\AngularJS2\Angular2Demo\Angular2Demo\src\app\employee\employee.component.js.map
C:\Projects\AngularJS2\Angular2Demo\Angular2Demo\src\app\app.component.js
C:\Projects\AngularJS2\Angular2Demo\Angular2Demo\src\app\app.component.js.map
C:\Projects\AngularJS2\Angular2Demo\Angular2Demo\src\app\app.module.js
C:\Projects\AngularJS2\Angular2Demo\Angular2Demo\src\app\app.module.js.map
C:\Projects\AngularJS2\Angular2Demo\Angular2Demo\src\main.js
C:\Projects\AngularJS2\Angular2Demo\Angular2Demo\src\main.js.map
C:\Projects\AngularJS2\Angular2Demo\Angular2Demo\src\app\app.component.spec.js
C:\Projects\AngularJS2\Angular2Demo\Angular2Demo\src\app\app.component.spec.js.map
C:\Projects\AngularJS2\Angular2Demo\Angular2Demo\src\app\employee\employee.component.js
C:\Projects\AngularJS2\Angular2Demo\Angular2Demo\src\app\employee\employee.component.js.map
C:\Projects\AngularJS2\Angular2Demo\Angular2Demo\src\app\app.component.js
C:\Projects\AngularJS2\Angular2Demo\Angular2Demo\src\app\app.component.js.map
C:\Projects\AngularJS2\Angular2Demo\Angular2Demo\src\app\app.module.js
C:\Projects\AngularJS2\Angular2Demo\Angular2Demo\src\app\app.module.js.map
C:\Projects\AngularJS2\Angular2Demo\Angular2Demo\src\main.js
C:\Projects\AngularJS2\Angular2Demo\Angular2Demo\src\main.js.map
C:\Projects\AngularJS2\Angular2Demo\Angular2Demo\src\app\app.component.spec.js
C:\Projects\AngularJS2\Angular2Demo\Angular2Demo\src\app\app.component.spec.js.map
C:\Projects\AngularJS2\Angular2Demo\Angular2Demo\src\app\employee\employee.component.js
C:\Projects\AngularJS2\Angular2Demo\Angular2Demo\src\app\employee\employee.component.js.map
C:\Projects\AngularJS2\Angular2Demo\Angular2Demo\src\app\app.component.js
C:\Projects\AngularJS2\Angular2Demo\Angular2Demo\src\app\app.component.js.map
C:\Projects\AngularJS2\Angular2Demo\Angular2Demo\src\app\employee\employee.component.js
C:\Projects\AngularJS2\Angular2Demo\Angular2Demo\src\app\employee\employee.component.js.map
C:\Projects\AngularJS2\Angular2Demo\Angular2Demo\src\app\app.module.js
C:\Projects\AngularJS2\Angular2Demo\Angular2Demo\src\app\app.module.js.map
C:\Projects\AngularJS2\Angular2Demo\Angular2Demo\src\main.js
C:\Projects\AngularJS2\Angular2Demo\Angular2Demo\src\main.js.map
C:\Projects\AngularJS2\Angular2Demo\Angular2Demo\src\app\app.component.spec.js
C:\Projects\AngularJS2\Angular2Demo\Angular2Demo\src\app\app.component.spec.js.map
C:\Projects\AngularJS2\Angular2Demo\Angular2Demo\src\app\app.component.js
C:\Projects\AngularJS2\Angular2Demo\Angular2Demo\src\app\app.component.js.map
C:\Projects\AngularJS2\Angular2Demo\Angular2Demo\src\app\employee\employee.component.js
C:\Projects\AngularJS2\Angular2Demo\Angular2Demo\src\app\employee\employee.component.js.map
C:\Projects\AngularJS2\Angular2Demo\Angular2Demo\src\app\app.module.js
C:\Projects\AngularJS2\Angular2Demo\Angular2Demo\src\app\app.module.js.map
C:\Projects\AngularJS2\Angular2Demo\Angular2Demo\src\main.js
C:\Projects\AngularJS2\Angular2Demo\Angular2Demo\src\main.js.map
C:\Projects\AngularJS2\Angular2Demo\Angular2Demo\src\app\app.component.spec.js
C:\Projects\AngularJS2\Angular2Demo\Angular2Demo\src\app\app.component.spec.js.map
C:\Projects\AngularJS2\Angular2Demo\Angular2Demo\src\app\app.component.js
C:\Projects\AngularJS2\Angular2Demo\Angular2Demo\src\app\app.component.js.map
C:\Projects\AngularJS2\Angular2Demo\Angular2Demo\src\app\employee\employee.component.js
C:\Projects\AngularJS2\Angular2Demo\Angular2Demo\src\app\employee\employee.component.js.map
C:\Projects\AngularJS2\Angular2Demo\Angular2Demo\src\app\app.module.js
C:\Projects\AngularJS2\Angular2Demo\Angular2Demo\src\app\app.module.js.map
C:\Projects\AngularJS2\Angular2Demo\Angular2Demo\src\main.js
C:\Projects\AngularJS2\Angular2Demo\Angular2Demo\src\main.js.map
C:\Projects\AngularJS2\Angular2Demo\Angular2Demo\src\app\app.component.spec.js
C:\Projects\AngularJS2\Angular2Demo\Angular2Demo\src\app\app.component.spec.js.map
C:\Projects\AngularJS2\Angular2Demo\Angular2Demo\src\app\app.component.js
C:\Projects\AngularJS2\Angular2Demo\Angular2Demo\src\app\app.component.js.map
C:\Projects\AngularJS2\Angular2Demo\Angular2Demo\src\app\employee\employee.component.js
C:\Projects\AngularJS2\Angular2Demo\Angular2Demo\src\app\employee\employee.component.js.map
C:\Projects\AngularJS2\Angular2Demo\Angular2Demo\src\app\app.module.js
C:\Projects\AngularJS2\Angular2Demo\Angular2Demo\src\app\app.module.js.map
C:\Projects\AngularJS2\Angular2Demo\Angular2Demo\src\main.js
C:\Projects\AngularJS2\Angular2Demo\Angular2Demo\src\main.js.map
C:\Projects\AngularJS2\Angular2Demo\Angular2Demo\src\app\app.component.spec.js
C:\Projects\AngularJS2\Angular2Demo\Angular2Demo\src\app\app.component.spec.js.map
C:\Projects\AngularJS2\Angular2Demo\Angular2Demo\src\app\app.component.js
C:\Projects\AngularJS2\Angular2Demo\Angular2Demo\src\app\app.component.js.map
C:\Projects\AngularJS2\Angular2Demo\Angular2Demo\src\app\employee\employee.component.js
C:\Projects\AngularJS2\Angular2Demo\Angular2Demo\src\app\employee\employee.component.js.map
C:\Projects\AngularJS2\Angular2Demo\Angular2Demo\src\app\app.module.js
C:\Projects\AngularJS2\Angular2Demo\Angular2Demo\src\app\app.module.js.map
C:\Projects\AngularJS2\Angular2Demo\Angular2Demo\src\main.js
C:\Projects\AngularJS2\Angular2Demo\Angular2Demo\src\main.js.map
C:\Projects\AngularJS2\Angular2Demo\Angular2Demo\src\app\app.component.spec.js
C:\Projects\AngularJS2\Angular2Demo\Angular2Demo\src\app\app.component.spec.js.map
C:\Projects\AngularJS2\Angular2Demo\Angular2Demo\src\app\app.component.js
C:\Projects\AngularJS2\Angular2Demo\Angular2Demo\src\app\app.component.js.map
C:\Projects\AngularJS2\Angular2Demo\Angular2Demo\src\app\employee\employee.component.js
C:\Projects\AngularJS2\Angular2Demo\Angular2Demo\src\app\employee\employee.component.js.map
C:\Projects\AngularJS2\Angular2Demo\Angular2Demo\src\app\app.module.js
C:\Projects\AngularJS2\Angular2Demo\Angular2Demo\src\app\app.module.js.map
C:\Projects\AngularJS2\Angular2Demo\Angular2Demo\src\main.js
C:\Projects\AngularJS2\Angular2Demo\Angular2Demo\src\main.js.map
C:\Projects\AngularJS2\Angular2Demo\Angular2Demo\src\app\app.component.spec.js
C:\Projects\AngularJS2\Angular2Demo\Angular2Demo\src\app\app.component.spec.js.map
C:\Projects\AngularJS2\Angular2Demo\Angular2Demo\src\app\app.component.js
C:\Projects\AngularJS2\Angular2Demo\Angular2Demo\src\app\app.component.js.map
C:\Projects\AngularJS2\Angular2Demo\Angular2Demo\src\app\employee\employee.component.js
C:\Projects\AngularJS2\Angular2Demo\Angular2Demo\src\app\employee\employee.component.js.map
C:\Projects\AngularJS2\Angular2Demo\Angular2Demo\src\app\app.module.js
C:\Projects\AngularJS2\Angular2Demo\Angular2Demo\src\app\app.module.js.map
C:\Projects\AngularJS2\Angular2Demo\Angular2Demo\src\main.js
C:\Projects\AngularJS2\Angular2Demo\Angular2Demo\src\main.js.map
C:\Projects\AngularJS2\Angular2Demo\Angular2Demo\src\app\app.component.spec.js
C:\Projects\AngularJS2\Angular2Demo\Angular2Demo\src\app\app.component.spec.js.map
C:\Projects\AngularJS2\Angular2Demo\Angular2Demo\src\app\app.component.js
C:\Projects\AngularJS2\Angular2Demo\Angular2Demo\src\app\app.component.js.map
C:\Projects\AngularJS2\Angular2Demo\Angular2Demo\src\app\employee\employee.component.js
C:\Projects\AngularJS2\Angular2Demo\Angular2Demo\src\app\employee\employee.component.js.map
C:\Projects\AngularJS2\Angular2Demo\Angular2Demo\src\app\app.module.js
C:\Projects\AngularJS2\Angular2Demo\Angular2Demo\src\app\app.module.js.map
C:\Projects\AngularJS2\Angular2Demo\Angular2Demo\src\main.js
C:\Projects\AngularJS2\Angular2Demo\Angular2Demo\src\main.js.map
C:\Projects\AngularJS2\Angular2Demo\Angular2Demo\src\app\app.component.spec.js
C:\Projects\AngularJS2\Angular2Demo\Angular2Demo\src\app\app.component.spec.js.map
C:\Projects\AngularJS2\Angular2Demo\Angular2Demo\src\app\app.component.js
C:\Projects\AngularJS2\Angular2Demo\Angular2Demo\src\app\app.component.js.map
C:\Projects\AngularJS2\Angular2Demo\Angular2Demo\src\app\employee\employee.component.js
C:\Projects\AngularJS2\Angular2Demo\Angular2Demo\src\app\employee\employee.component.js.map
C:\Projects\AngularJS2\Angular2Demo\Angular2Demo\src\app\app.module.js
C:\Projects\AngularJS2\Angular2Demo\Angular2Demo\src\app\app.module.js.map
C:\Projects\AngularJS2\Angular2Demo\Angular2Demo\src\main.js
C:\Projects\AngularJS2\Angular2Demo\Angular2Demo\src\main.js.map
C:\Projects\AngularJS2\Angular2Demo\Angular2Demo\src\app\app.component.spec.js
C:\Projects\AngularJS2\Angular2Demo\Angular2Demo\src\app\app.component.spec.js.map
C:\Projects\AngularJS2\Angular2Demo\Angular2Demo\src\app\app.component.js
C:\Projects\AngularJS2\Angular2Demo\Angular2Demo\src\app\app.component.js.map
C:\Projects\AngularJS2\Angular2Demo\Angular2Demo\src\app\employee\employee.component.js
C:\Projects\AngularJS2\Angular2Demo\Angular2Demo\src\app\employee\employee.component.js.map
C:\Projects\AngularJS2\Angular2Demo\Angular2Demo\src\app\app.module.js
C:\Projects\AngularJS2\Angular2Demo\Angular2Demo\src\app\app.module.js.map
C:\Projects\AngularJS2\Angular2Demo\Angular2Demo\src\main.js
C:\Projects\AngularJS2\Angular2Demo\Angular2Demo\src\main.js.map
C:\Projects\AngularJS2\Angular2Demo\Angular2Demo\src\app\app.component.spec.js
C:\Projects\AngularJS2\Angular2Demo\Angular2Demo\src\app\app.component.spec.js.map
C:\Projects\AngularJS2\Angular2Demo\Angular2Demo\src\app\app.component.js
C:\Projects\AngularJS2\Angular2Demo\Angular2Demo\src\app\app.component.js.map
C:\Projects\AngularJS2\Angular2Demo\Angular2Demo\src\app\employee\employee.component.js
C:\Projects\AngularJS2\Angular2Demo\Angular2Demo\src\app\employee\employee.component.js.map
C:\Projects\AngularJS2\Angular2Demo\Angular2Demo\src\app\app.module.js
C:\Projects\AngularJS2\Angular2Demo\Angular2Demo\src\app\app.module.js.map
C:\Projects\AngularJS2\Angular2Demo\Angular2Demo\src\main.js
C:\Projects\AngularJS2\Angular2Demo\Angular2Demo\src\main.js.map
C:\Projects\AngularJS2\Angular2Demo\Angular2Demo\src\app\app.component.spec.js
C:\Projects\AngularJS2\Angular2Demo\Angular2Demo\src\app\app.component.spec.js.map
C:\Projects\AngularJS2\Angular2Demo\Angular2Demo\src\app\app.component.js
C:\Projects\AngularJS2\Angular2Demo\Angular2Demo\src\app\app.component.js.map
C:\Projects\AngularJS2\Angular2Demo\Angular2Demo\src\app\employee\employee.component.js
C:\Projects\AngularJS2\Angular2Demo\Angular2Demo\src\app\employee\employee.component.js.map
C:\Projects\AngularJS2\Angular2Demo\Angular2Demo\src\app\app.module.js
C:\Projects\AngularJS2\Angular2Demo\Angular2Demo\src\app\app.module.js.map
C:\Projects\AngularJS2\Angular2Demo\Angular2Demo\src\main.js
C:\Projects\AngularJS2\Angular2Demo\Angular2Demo\src\main.js.map
C:\Projects\AngularJS2\Angular2Demo\Angular2Demo\src\app\app.component.spec.js
C:\Projects\AngularJS2\Angular2Demo\Angular2Demo\src\app\app.component.spec.js.map
C:\Projects\AngularJS2\Angular2Demo\Angular2Demo\src\app\app.component.js
C:\Projects\AngularJS2\Angular2Demo\Angular2Demo\src\app\app.component.js.map
C:\Projects\AngularJS2\Angular2Demo\Angular2Demo\src\app\employee\employee.component.js
C:\Projects\AngularJS2\Angular2Demo\Angular2Demo\src\app\employee\employee.component.js.map
C:\Projects\AngularJS2\Angular2Demo\Angular2Demo\src\app\app.module.js
C:\Projects\AngularJS2\Angular2Demo\Angular2Demo\src\app\app.module.js.map
C:\Projects\AngularJS2\Angular2Demo\Angular2Demo\src\main.js
C:\Projects\AngularJS2\Angular2Demo\Angular2Demo\src\main.js.map
C:\Projects\AngularJS2\Angular2Demo\Angular2Demo\src\app\app.component.spec.js
C:\Projects\AngularJS2\Angular2Demo\Angular2Demo\src\app\app.component.spec.js.map
C:\Projects\AngularJS2\Angular2Demo\Angular2Demo\src\app\app.component.js
C:\Projects\AngularJS2\Angular2Demo\Angular2Demo\src\app\app.component.js.map
C:\Projects\AngularJS2\Angular2Demo\Angular2Demo\src\app\employee\employee.component.js
C:\Projects\AngularJS2\Angular2Demo\Angular2Demo\src\app\employee\employee.component.js.map
C:\Projects\AngularJS2\Angular2Demo\Angular2Demo\src\app\app.module.js
C:\Projects\AngularJS2\Angular2Demo\Angular2Demo\src\app\app.module.js.map
C:\Projects\AngularJS2\Angular2Demo\Angular2Demo\src\main.js
C:\Projects\AngularJS2\Angular2Demo\Angular2Demo\src\main.js.map
C:\Projects\AngularJS2\Angular2Demo\Angular2Demo\src\app\app.component.spec.js
C:\Projects\AngularJS2\Angular2Demo\Angular2Demo\src\app\app.component.spec.js.map
C:\Projects\AngularJS2\Angular2Demo\Angular2Demo\src\app\app.component.js
C:\Projects\AngularJS2\Angular2Demo\Angular2Demo\src\app\app.component.js.map
C:\Projects\AngularJS2\Angular2Demo\Angular2Demo\src\app\employee\employee.component.js
C:\Projects\AngularJS2\Angular2Demo\Angular2Demo\src\app\employee\employee.component.js.map
C:\Projects\AngularJS2\Angular2Demo\Angular2Demo\src\app\app.module.js
C:\Projects\AngularJS2\Angular2Demo\Angular2Demo\src\app\app.module.js.map
C:\Projects\AngularJS2\Angular2Demo\Angular2Demo\src\main.js
C:\Projects\AngularJS2\Angular2Demo\Angular2Demo\src\main.js.map
C:\Projects\AngularJS2\Angular2Demo\Angular2Demo\src\app\app.component.spec.js
C:\Projects\AngularJS2\Angular2Demo\Angular2Demo\src\app\app.component.spec.js.map
